<?xml version="1.0" encoding="UTF-8"?>
<testng-results ignored="0" total="1" passed="1" failed="0" skipped="0">
  <reporter-output>
  </reporter-output>
  <suite started-at="2023-09-15T16:54:00 IST" name="Default suite" finished-at="2023-09-15T16:54:40 IST" duration-ms="40447">
    <groups>
      <group name="cucumber">
        <method signature="AbstractTestNGCucumberTests.runScenario(io.cucumber.testng.PickleWrapper,io.cucumber.testng.FeatureWrapper)[pri:0, instance:utils.TestRunner@3a7442c7]" name="runScenario" class="io.cucumber.testng.AbstractTestNGCucumberTests"/>
      </group> <!-- cucumber -->
    </groups>
    <test started-at="2023-09-15T16:54:00 IST" name="Default test" finished-at="2023-09-15T16:54:40 IST" duration-ms="40447">
      <class name="utils.TestRunner">
        <test-method is-config="true" signature="setUpClass(org.testng.ITestContext)[pri:0, instance:utils.TestRunner@3a7442c7]" started-at="2023-09-15T16:54:00 IST" name="setUpClass" finished-at="2023-09-15T16:54:00 IST" duration-ms="367" status="PASS">
          <params>
            <param index="0">
              <value>
                <![CDATA[org.testng.TestRunner@3ef3f661]]>
              </value>
            </param>
          </params>
          <reporter-output>
          </reporter-output>
        </test-method> <!-- setUpClass -->
        <test-method signature="runScenario(io.cucumber.testng.PickleWrapper,io.cucumber.testng.FeatureWrapper)[pri:0, instance:utils.TestRunner@3a7442c7]" started-at="2023-09-15T16:54:00 IST" name="runScenario" description="Runs Cucumber Scenarios" data-provider="scenarios" finished-at="2023-09-15T16:54:39 IST" duration-ms="38533" status="PASS">
          <params>
            <param index="0">
              <value>
                <![CDATA["A user must be able to see the Find store results"]]>
              </value>
            </param>
            <param index="1">
              <value>
                <![CDATA["Optional[Display Search store result]"]]>
              </value>
            </param>
          </params>
          <reporter-output>
          </reporter-output>
        </test-method> <!-- runScenario -->
        <test-method is-config="true" signature="tearDownClass()[pri:0, instance:utils.TestRunner@3a7442c7]" started-at="2023-09-15T16:54:39 IST" name="tearDownClass" finished-at="2023-09-15T16:54:40 IST" duration-ms="1509" status="PASS">
          <reporter-output>
          </reporter-output>
        </test-method> <!-- tearDownClass -->
      </class> <!-- utils.TestRunner -->
    </test> <!-- Default test -->
  </suite> <!-- Default suite -->
</testng-results>
